2023/04/17 14:16:41 [notice] 1#1: using the "epoll" event method
2023/04/17 14:16:41 [notice] 1#1: nginx/1.23.4
2023/04/17 14:16:41 [notice] 1#1: built by gcc 10.2.1 20210110 (Debian 10.2.1-6) 
2023/04/17 14:16:41 [notice] 1#1: OS: Linux 5.10.104-linuxkit
2023/04/17 14:16:41 [notice] 1#1: getrlimit(RLIMIT_NOFILE): 1048576:1048576
2023/04/17 14:16:41 [notice] 1#1: start worker processes
2023/04/17 14:16:41 [notice] 1#1: start worker process 30
2023/04/17 14:16:41 [notice] 1#1: start worker process 31
2023/04/17 14:16:41 [notice] 1#1: start worker process 32
2023/04/17 14:16:41 [notice] 1#1: start worker process 33
2023/04/17 14:17:00 [error] 30#30: *1 open() "/usr/share/nginx/html/favicon.ico" failed (2: No such file or directory), client: 172.17.0.1, server: localhost, request: "GET /favicon.ico HTTP/1.1", host: "localhost:3000", referrer: "http://localhost:3000/"
2023/04/17 14:19:36 [notice] 1#1: using the "epoll" event method
2023/04/17 14:19:36 [notice] 1#1: nginx/1.23.4
2023/04/17 14:19:36 [notice] 1#1: built by gcc 10.2.1 20210110 (Debian 10.2.1-6) 
2023/04/17 14:19:36 [notice] 1#1: OS: Linux 5.10.104-linuxkit
2023/04/17 14:19:36 [notice] 1#1: getrlimit(RLIMIT_NOFILE): 1048576:1048576
2023/04/17 14:19:36 [notice] 1#1: start worker processes
2023/04/17 14:19:36 [notice] 1#1: start worker process 30
2023/04/17 14:19:36 [notice] 1#1: start worker process 31
2023/04/17 14:19:36 [notice] 1#1: start worker process 32
2023/04/17 14:19:36 [notice] 1#1: start worker process 33
2023/04/17 14:20:04 [notice] 1#1: using the "epoll" event method
2023/04/17 14:20:04 [notice] 1#1: nginx/1.23.4
2023/04/17 14:20:04 [notice] 1#1: built by gcc 10.2.1 20210110 (Debian 10.2.1-6) 
2023/04/17 14:20:04 [notice] 1#1: OS: Linux 5.10.104-linuxkit
2023/04/17 14:20:04 [notice] 1#1: getrlimit(RLIMIT_NOFILE): 1048576:1048576
2023/04/17 14:20:04 [notice] 1#1: start worker processes
2023/04/17 14:20:04 [notice] 1#1: start worker process 24
2023/04/17 14:20:04 [notice] 1#1: start worker process 25
2023/04/17 14:20:04 [notice] 1#1: start worker process 26
2023/04/17 14:20:04 [notice] 1#1: start worker process 27
2023/04/17 14:21:56 [emerg] 45#45: bind() to 0.0.0.0:80 failed (98: Address already in use)
2023/04/17 14:21:56 [emerg] 45#45: bind() to [::]:80 failed (98: Address already in use)
2023/04/17 14:21:56 [notice] 45#45: try again to bind() after 500ms
2023/04/17 14:21:56 [emerg] 45#45: bind() to 0.0.0.0:80 failed (98: Address already in use)
2023/04/17 14:21:56 [emerg] 45#45: bind() to [::]:80 failed (98: Address already in use)
2023/04/17 14:21:56 [notice] 45#45: try again to bind() after 500ms
2023/04/17 14:21:56 [emerg] 45#45: bind() to 0.0.0.0:80 failed (98: Address already in use)
2023/04/17 14:21:56 [emerg] 45#45: bind() to [::]:80 failed (98: Address already in use)
2023/04/17 14:21:56 [notice] 45#45: try again to bind() after 500ms
2023/04/17 14:21:56 [emerg] 45#45: bind() to 0.0.0.0:80 failed (98: Address already in use)
2023/04/17 14:21:56 [emerg] 45#45: bind() to [::]:80 failed (98: Address already in use)
2023/04/17 14:21:56 [notice] 45#45: try again to bind() after 500ms
2023/04/17 14:21:56 [emerg] 45#45: bind() to 0.0.0.0:80 failed (98: Address already in use)
2023/04/17 14:21:56 [emerg] 45#45: bind() to [::]:80 failed (98: Address already in use)
2023/04/17 14:21:56 [notice] 45#45: try again to bind() after 500ms
2023/04/17 14:21:56 [emerg] 45#45: still could not bind()
2023/04/17 14:23:05 [notice] 50#50: signal process started
2023/04/17 14:23:05 [notice] 1#1: signal 1 (SIGHUP) received from 50, reconfiguring
2023/04/17 14:23:05 [notice] 1#1: reconfiguring
2023/04/17 14:23:05 [notice] 1#1: using the "epoll" event method
2023/04/17 14:23:05 [notice] 1#1: start worker processes
2023/04/17 14:23:05 [notice] 1#1: start worker process 51
2023/04/17 14:23:05 [notice] 1#1: start worker process 52
2023/04/17 14:23:05 [notice] 1#1: start worker process 53
2023/04/17 14:23:05 [notice] 1#1: start worker process 54
2023/04/17 14:23:05 [notice] 24#24: gracefully shutting down
2023/04/17 14:23:05 [notice] 24#24: exiting
2023/04/17 14:23:05 [notice] 25#25: gracefully shutting down
2023/04/17 14:23:05 [notice] 25#25: exiting
2023/04/17 14:23:05 [notice] 26#26: gracefully shutting down
2023/04/17 14:23:05 [notice] 27#27: gracefully shutting down
2023/04/17 14:23:05 [notice] 27#27: exiting
2023/04/17 14:23:05 [notice] 24#24: exit
2023/04/17 14:23:05 [notice] 25#25: exit
2023/04/17 14:23:05 [notice] 26#26: exiting
2023/04/17 14:23:05 [notice] 27#27: exit
2023/04/17 14:23:05 [notice] 26#26: exit
2023/04/17 14:23:05 [notice] 1#1: signal 17 (SIGCHLD) received from 24
2023/04/17 14:23:05 [notice] 1#1: worker process 24 exited with code 0
2023/04/17 14:23:05 [notice] 1#1: worker process 25 exited with code 0
2023/04/17 14:23:05 [notice] 1#1: signal 29 (SIGIO) received
2023/04/17 14:23:05 [notice] 1#1: signal 17 (SIGCHLD) received from 27
2023/04/17 14:23:05 [notice] 1#1: worker process 26 exited with code 0
2023/04/17 14:23:05 [notice] 1#1: worker process 27 exited with code 0
2023/04/17 14:23:05 [notice] 1#1: signal 29 (SIGIO) received
2023/04/17 14:26:12 [notice] 1#1: signal 3 (SIGQUIT) received, shutting down
2023/04/17 14:26:12 [notice] 51#51: gracefully shutting down
2023/04/17 14:26:12 [notice] 51#51: exiting
2023/04/17 14:26:12 [notice] 52#52: gracefully shutting down
2023/04/17 14:26:12 [notice] 53#53: gracefully shutting down
2023/04/17 14:26:12 [notice] 53#53: exiting
2023/04/17 14:26:12 [notice] 54#54: gracefully shutting down
2023/04/17 14:26:12 [notice] 51#51: exit
2023/04/17 14:26:12 [notice] 52#52: exiting
2023/04/17 14:26:12 [notice] 53#53: exit
2023/04/17 14:26:12 [notice] 54#54: exiting
2023/04/17 14:26:12 [notice] 52#52: exit
2023/04/17 14:26:12 [notice] 54#54: exit
2023/04/17 14:26:12 [notice] 1#1: signal 17 (SIGCHLD) received from 51
2023/04/17 14:26:12 [notice] 1#1: worker process 51 exited with code 0
2023/04/17 14:26:12 [notice] 1#1: signal 29 (SIGIO) received
2023/04/17 14:26:12 [notice] 1#1: signal 17 (SIGCHLD) received from 52
2023/04/17 14:26:12 [notice] 1#1: worker process 52 exited with code 0
2023/04/17 14:26:12 [notice] 1#1: worker process 53 exited with code 0
2023/04/17 14:26:12 [notice] 1#1: worker process 54 exited with code 0
2023/04/17 14:26:12 [notice] 1#1: exit
2023/04/17 14:26:20 [notice] 1#1: using the "epoll" event method
2023/04/17 14:26:20 [notice] 1#1: nginx/1.23.4
2023/04/17 14:26:20 [notice] 1#1: built by gcc 10.2.1 20210110 (Debian 10.2.1-6) 
2023/04/17 14:26:20 [notice] 1#1: OS: Linux 5.10.104-linuxkit
2023/04/17 14:26:20 [notice] 1#1: getrlimit(RLIMIT_NOFILE): 1048576:1048576
2023/04/17 14:26:20 [notice] 1#1: start worker processes
2023/04/17 14:26:20 [notice] 1#1: start worker process 29
2023/04/17 14:26:20 [notice] 1#1: start worker process 30
2023/04/17 14:26:20 [notice] 1#1: start worker process 31
2023/04/17 14:26:20 [notice] 1#1: start worker process 32
2023/04/17 14:30:43 [notice] 1#1: using the "epoll" event method
2023/04/17 14:30:43 [notice] 1#1: nginx/1.23.4
2023/04/17 14:30:43 [notice] 1#1: built by gcc 10.2.1 20210110 (Debian 10.2.1-6) 
2023/04/17 14:30:43 [notice] 1#1: OS: Linux 5.10.104-linuxkit
2023/04/17 14:30:43 [notice] 1#1: getrlimit(RLIMIT_NOFILE): 1048576:1048576
2023/04/17 14:30:43 [notice] 1#1: start worker processes
2023/04/17 14:30:43 [notice] 1#1: start worker process 22
2023/04/17 14:30:43 [notice] 1#1: start worker process 23
2023/04/17 14:30:43 [notice] 1#1: start worker process 24
2023/04/17 14:30:43 [notice] 1#1: start worker process 25
2023/04/17 14:34:58 [notice] 1#1: signal 3 (SIGQUIT) received, shutting down
2023/04/17 14:34:58 [notice] 22#22: gracefully shutting down
2023/04/17 14:34:58 [notice] 24#24: gracefully shutting down
2023/04/17 14:34:58 [notice] 25#25: gracefully shutting down
2023/04/17 14:34:58 [notice] 23#23: gracefully shutting down
2023/04/17 14:34:58 [notice] 22#22: exiting
2023/04/17 14:34:58 [notice] 24#24: exiting
2023/04/17 14:34:58 [notice] 25#25: exiting
2023/04/17 14:34:58 [notice] 23#23: exiting
2023/04/17 14:34:58 [notice] 22#22: exit
2023/04/17 14:34:58 [notice] 24#24: exit
2023/04/17 14:34:58 [notice] 25#25: exit
2023/04/17 14:34:58 [notice] 23#23: exit
2023/04/17 14:34:58 [notice] 1#1: signal 17 (SIGCHLD) received from 22
2023/04/17 14:34:58 [notice] 1#1: worker process 22 exited with code 0
2023/04/17 14:34:58 [notice] 1#1: worker process 24 exited with code 0
2023/04/17 14:34:58 [notice] 1#1: signal 29 (SIGIO) received
2023/04/17 14:34:58 [notice] 1#1: signal 17 (SIGCHLD) received from 24
2023/04/17 14:34:58 [notice] 1#1: signal 17 (SIGCHLD) received from 25
2023/04/17 14:34:58 [notice] 1#1: worker process 23 exited with code 0
2023/04/17 14:34:58 [notice] 1#1: worker process 25 exited with code 0
2023/04/17 14:34:58 [notice] 1#1: exit
2023/04/17 14:35:51 [emerg] 1#1: invalid number of arguments in "root" directive in /etc/nginx/conf.d/default.conf:11
2023/04/17 14:37:12 [notice] 1#1: using the "epoll" event method
2023/04/17 14:37:12 [notice] 1#1: nginx/1.23.4
2023/04/17 14:37:12 [notice] 1#1: built by gcc 10.2.1 20210110 (Debian 10.2.1-6) 
2023/04/17 14:37:12 [notice] 1#1: OS: Linux 5.10.104-linuxkit
2023/04/17 14:37:12 [notice] 1#1: getrlimit(RLIMIT_NOFILE): 1048576:1048576
2023/04/17 14:37:12 [notice] 1#1: start worker processes
2023/04/17 14:37:12 [notice] 1#1: start worker process 22
2023/04/17 14:37:12 [notice] 1#1: start worker process 23
2023/04/17 14:37:12 [notice] 1#1: start worker process 24
2023/04/17 14:37:12 [notice] 1#1: start worker process 25
